This file contains any messages produced by compilers while
running configure, to aid debugging if configure makes a mistake.

It was created by gTimelapse configure 1.0, which was
generated by GNU Autoconf 2.65.  Invocation command line was

  $ ./configure 

## --------- ##
## Platform. ##
## --------- ##

hostname = translocon
uname -m = x86_64
uname -r = 3.8.0-31-generic
uname -s = Linux
uname -v = #46-Ubuntu SMP Tue Sep 10 20:03:44 UTC 2013

/usr/bin/uname -p = unknown
/bin/uname -X     = unknown

/bin/arch              = unknown
/usr/bin/arch -k       = unknown
/usr/convex/getsysinfo = unknown
/usr/bin/hostinfo      = unknown
/bin/machine           = unknown
/usr/bin/oslevel       = unknown
/bin/universe          = unknown

PATH: /home/tnugent/bin
PATH: /usr/lib/lightdm/lightdm
PATH: /usr/local/sbin
PATH: /usr/local/bin
PATH: /usr/sbin
PATH: /usr/bin
PATH: /sbin
PATH: /bin
PATH: /usr/games
PATH: /usr/local/games
PATH: /home/tnugent/bin
PATH: /home/tnugent/android-sdk-linux/tools
PATH: /home/tnugent/android-sdk-linux/platform-tools


## ----------- ##
## Core tests. ##
## ----------- ##

configure:2603: checking for a BSD-compatible install
configure:2671: result: /usr/bin/install -c
configure:2682: checking whether build environment is sane
configure:2719: result: yes
configure:2781: checking for gawk
configure:2811: result: no
configure:2781: checking for mawk
configure:2797: found /usr/bin/mawk
configure:2808: result: mawk
configure:2819: checking whether make sets $(MAKE)
configure:2841: result: yes
configure:3078: checking for g++
configure:3094: found /usr/bin/g++
configure:3105: result: g++
configure:3132: checking for C++ compiler version
configure:3141: g++ --version >&5
g++ (Ubuntu/Linaro 4.7.3-1ubuntu1) 4.7.3
Copyright (C) 2012 Free Software Foundation, Inc.
This is free software; see the source for copying conditions.  There is NO
warranty; not even for MERCHANTABILITY or FITNESS FOR A PARTICULAR PURPOSE.

configure:3152: $? = 0
configure:3141: g++ -v >&5
Using built-in specs.
COLLECT_GCC=g++
COLLECT_LTO_WRAPPER=/usr/lib/gcc/x86_64-linux-gnu/4.7/lto-wrapper
Target: x86_64-linux-gnu
Configured with: ../src/configure -v --with-pkgversion='Ubuntu/Linaro 4.7.3-1ubuntu1' --with-bugurl=file:///usr/share/doc/gcc-4.7/README.Bugs --enable-languages=c,c++,go,fortran,objc,obj-c++ --prefix=/usr --program-suffix=-4.7 --enable-shared --enable-linker-build-id --libexecdir=/usr/lib --without-included-gettext --enable-threads=posix --with-gxx-include-dir=/usr/include/c++/4.7 --libdir=/usr/lib --enable-nls --with-sysroot=/ --enable-clocale=gnu --enable-libstdcxx-debug --enable-libstdcxx-time=yes --enable-gnu-unique-object --enable-plugin --with-system-zlib --enable-objc-gc --with-cloog --enable-cloog-backend=ppl --disable-cloog-version-check --disable-ppl-version-check --enable-multiarch --disable-werror --with-arch-32=i686 --with-abi=m64 --with-multilib-list=m32,m64,mx32 --with-tune=generic --enable-checking=release --build=x86_64-linux-gnu --host=x86_64-linux-gnu --target=x86_64-linux-gnu
Thread model: posix
gcc version 4.7.3 (Ubuntu/Linaro 4.7.3-1ubuntu1) 
configure:3152: $? = 0
configure:3141: g++ -V >&5
g++: error: unrecognized command line option '-V'
g++: fatal error: no input files
compilation terminated.
configure:3152: $? = 4
configure:3141: g++ -qversion >&5
g++: error: unrecognized command line option '-qversion'
g++: fatal error: no input files
compilation terminated.
configure:3152: $? = 4
configure:3172: checking whether the C++ compiler works
configure:3194: g++    conftest.cpp  >&5
configure:3198: $? = 0
configure:3247: result: yes
configure:3250: checking for C++ compiler default output file name
configure:3252: result: a.out
configure:3258: checking for suffix of executables
configure:3265: g++ -o conftest    conftest.cpp  >&5
configure:3269: $? = 0
configure:3291: result: 
configure:3313: checking whether we are cross compiling
configure:3321: g++ -o conftest    conftest.cpp  >&5
configure:3325: $? = 0
configure:3332: ./conftest
configure:3336: $? = 0
configure:3351: result: no
configure:3356: checking for suffix of object files
configure:3378: g++ -c   conftest.cpp >&5
configure:3382: $? = 0
configure:3403: result: o
configure:3407: checking whether we are using the GNU C++ compiler
configure:3426: g++ -c   conftest.cpp >&5
configure:3426: $? = 0
configure:3435: result: yes
configure:3444: checking whether g++ accepts -g
configure:3464: g++ -c -g  conftest.cpp >&5
configure:3464: $? = 0
configure:3505: result: yes
configure:3539: checking for style of include used by make
configure:3567: result: GNU
configure:3595: checking dependency style of g++
configure:3685: result: gcc3
configure:3778: checking build system type
configure:3792: result: x86_64-unknown-linux-gnu
configure:3812: checking host system type
configure:3825: result: x86_64-unknown-linux-gnu
configure:3893: checking for gcc
configure:3909: found /usr/bin/gcc
configure:3920: result: gcc
configure:4149: checking for C compiler version
configure:4158: gcc --version >&5
gcc (Ubuntu/Linaro 4.7.3-1ubuntu1) 4.7.3
Copyright (C) 2012 Free Software Foundation, Inc.
This is free software; see the source for copying conditions.  There is NO
warranty; not even for MERCHANTABILITY or FITNESS FOR A PARTICULAR PURPOSE.

configure:4169: $? = 0
configure:4158: gcc -v >&5
Using built-in specs.
COLLECT_GCC=gcc
COLLECT_LTO_WRAPPER=/usr/lib/gcc/x86_64-linux-gnu/4.7/lto-wrapper
Target: x86_64-linux-gnu
Configured with: ../src/configure -v --with-pkgversion='Ubuntu/Linaro 4.7.3-1ubuntu1' --with-bugurl=file:///usr/share/doc/gcc-4.7/README.Bugs --enable-languages=c,c++,go,fortran,objc,obj-c++ --prefix=/usr --program-suffix=-4.7 --enable-shared --enable-linker-build-id --libexecdir=/usr/lib --without-included-gettext --enable-threads=posix --with-gxx-include-dir=/usr/include/c++/4.7 --libdir=/usr/lib --enable-nls --with-sysroot=/ --enable-clocale=gnu --enable-libstdcxx-debug --enable-libstdcxx-time=yes --enable-gnu-unique-object --enable-plugin --with-system-zlib --enable-objc-gc --with-cloog --enable-cloog-backend=ppl --disable-cloog-version-check --disable-ppl-version-check --enable-multiarch --disable-werror --with-arch-32=i686 --with-abi=m64 --with-multilib-list=m32,m64,mx32 --with-tune=generic --enable-checking=release --build=x86_64-linux-gnu --host=x86_64-linux-gnu --target=x86_64-linux-gnu
Thread model: posix
gcc version 4.7.3 (Ubuntu/Linaro 4.7.3-1ubuntu1) 
configure:4169: $? = 0
configure:4158: gcc -V >&5
gcc: error: unrecognized command line option '-V'
gcc: fatal error: no input files
compilation terminated.
configure:4169: $? = 4
configure:4158: gcc -qversion >&5
gcc: error: unrecognized command line option '-qversion'
gcc: fatal error: no input files
compilation terminated.
configure:4169: $? = 4
configure:4173: checking whether we are using the GNU C compiler
configure:4192: gcc -c   conftest.c >&5
configure:4192: $? = 0
configure:4201: result: yes
configure:4210: checking whether gcc accepts -g
configure:4230: gcc -c -g  conftest.c >&5
configure:4230: $? = 0
configure:4271: result: yes
configure:4288: checking for gcc option to accept ISO C89
configure:4352: gcc  -c -g -O2  conftest.c >&5
configure:4352: $? = 0
configure:4365: result: none needed
configure:4387: checking dependency style of gcc
configure:4477: result: gcc3
configure:4494: checking for a sed that does not truncate output
configure:4550: result: /bin/sed
configure:4553: checking for grep that handles long lines and -e
configure:4611: result: /bin/grep
configure:4616: checking for egrep
configure:4678: result: /bin/grep -E
configure:4694: checking for ld used by gcc
configure:4761: result: /usr/bin/ld
configure:4768: checking if the linker (/usr/bin/ld) is GNU ld
configure:4783: result: yes
configure:4788: checking for /usr/bin/ld option to reload object files
configure:4795: result: -r
configure:4813: checking for BSD-compatible nm
configure:4862: result: /usr/bin/nm -B
configure:4866: checking whether ln -s works
configure:4870: result: yes
configure:4877: checking how to recognise dependent libraries
configure:5053: result: pass_all
configure:5141: gcc -c -g -O2  conftest.c >&5
configure:5144: $? = 0
configure:5262: checking how to run the C preprocessor
configure:5293: gcc -E  conftest.c
configure:5293: $? = 0
configure:5307: gcc -E  conftest.c
conftest.c:11:28: fatal error: ac_nonexistent.h: No such file or directory
compilation terminated.
configure:5307: $? = 1
configure: failed program was:
| /* confdefs.h */
| #define PACKAGE_NAME "gTimelapse"
| #define PACKAGE_TARNAME "gtimelapse"
| #define PACKAGE_VERSION "1.0"
| #define PACKAGE_STRING "gTimelapse 1.0"
| #define PACKAGE_BUGREPORT "timnugent@gmail.com"
| #define PACKAGE_URL ""
| #define PACKAGE "gtimelapse"
| #define VERSION "1.0"
| /* end confdefs.h.  */
| #include <ac_nonexistent.h>
configure:5332: result: gcc -E
configure:5352: gcc -E  conftest.c
configure:5352: $? = 0
configure:5366: gcc -E  conftest.c
conftest.c:11:28: fatal error: ac_nonexistent.h: No such file or directory
compilation terminated.
configure:5366: $? = 1
configure: failed program was:
| /* confdefs.h */
| #define PACKAGE_NAME "gTimelapse"
| #define PACKAGE_TARNAME "gtimelapse"
| #define PACKAGE_VERSION "1.0"
| #define PACKAGE_STRING "gTimelapse 1.0"
| #define PACKAGE_BUGREPORT "timnugent@gmail.com"
| #define PACKAGE_URL ""
| #define PACKAGE "gtimelapse"
| #define VERSION "1.0"
| /* end confdefs.h.  */
| #include <ac_nonexistent.h>
configure:5395: checking for ANSI C header files
configure:5415: gcc -c -g -O2  conftest.c >&5
configure:5415: $? = 0
configure:5488: gcc -o conftest -g -O2   conftest.c  >&5
configure:5488: $? = 0
configure:5488: ./conftest
configure:5488: $? = 0
configure:5499: result: yes
configure:5512: checking for sys/types.h
configure:5512: gcc -c -g -O2  conftest.c >&5
configure:5512: $? = 0
configure:5512: result: yes
configure:5512: checking for sys/stat.h
configure:5512: gcc -c -g -O2  conftest.c >&5
configure:5512: $? = 0
configure:5512: result: yes
configure:5512: checking for stdlib.h
configure:5512: gcc -c -g -O2  conftest.c >&5
configure:5512: $? = 0
configure:5512: result: yes
configure:5512: checking for string.h
configure:5512: gcc -c -g -O2  conftest.c >&5
configure:5512: $? = 0
configure:5512: result: yes
configure:5512: checking for memory.h
configure:5512: gcc -c -g -O2  conftest.c >&5
configure:5512: $? = 0
configure:5512: result: yes
configure:5512: checking for strings.h
configure:5512: gcc -c -g -O2  conftest.c >&5
configure:5512: $? = 0
configure:5512: result: yes
configure:5512: checking for inttypes.h
configure:5512: gcc -c -g -O2  conftest.c >&5
configure:5512: $? = 0
configure:5512: result: yes
configure:5512: checking for stdint.h
configure:5512: gcc -c -g -O2  conftest.c >&5
configure:5512: $? = 0
configure:5512: result: yes
configure:5512: checking for unistd.h
configure:5512: gcc -c -g -O2  conftest.c >&5
configure:5512: $? = 0
configure:5512: result: yes
configure:5527: checking dlfcn.h usability
configure:5527: gcc -c -g -O2  conftest.c >&5
configure:5527: $? = 0
configure:5527: result: yes
configure:5527: checking dlfcn.h presence
configure:5527: gcc -E  conftest.c
configure:5527: $? = 0
configure:5527: result: yes
configure:5527: checking for dlfcn.h
configure:5527: result: yes
configure:5547: checking how to run the C++ preprocessor
configure:5574: g++ -E  conftest.cpp
configure:5574: $? = 0
configure:5588: g++ -E  conftest.cpp
conftest.cpp:22:28: fatal error: ac_nonexistent.h: No such file or directory
compilation terminated.
configure:5588: $? = 1
configure: failed program was:
| /* confdefs.h */
| #define PACKAGE_NAME "gTimelapse"
| #define PACKAGE_TARNAME "gtimelapse"
| #define PACKAGE_VERSION "1.0"
| #define PACKAGE_STRING "gTimelapse 1.0"
| #define PACKAGE_BUGREPORT "timnugent@gmail.com"
| #define PACKAGE_URL ""
| #define PACKAGE "gtimelapse"
| #define VERSION "1.0"
| #define STDC_HEADERS 1
| #define HAVE_SYS_TYPES_H 1
| #define HAVE_SYS_STAT_H 1
| #define HAVE_STDLIB_H 1
| #define HAVE_STRING_H 1
| #define HAVE_MEMORY_H 1
| #define HAVE_STRINGS_H 1
| #define HAVE_INTTYPES_H 1
| #define HAVE_STDINT_H 1
| #define HAVE_UNISTD_H 1
| #define HAVE_DLFCN_H 1
| /* end confdefs.h.  */
| #include <ac_nonexistent.h>
configure:5613: result: g++ -E
configure:5633: g++ -E  conftest.cpp
configure:5633: $? = 0
configure:5647: g++ -E  conftest.cpp
conftest.cpp:22:28: fatal error: ac_nonexistent.h: No such file or directory
compilation terminated.
configure:5647: $? = 1
configure: failed program was:
| /* confdefs.h */
| #define PACKAGE_NAME "gTimelapse"
| #define PACKAGE_TARNAME "gtimelapse"
| #define PACKAGE_VERSION "1.0"
| #define PACKAGE_STRING "gTimelapse 1.0"
| #define PACKAGE_BUGREPORT "timnugent@gmail.com"
| #define PACKAGE_URL ""
| #define PACKAGE "gtimelapse"
| #define VERSION "1.0"
| #define STDC_HEADERS 1
| #define HAVE_SYS_TYPES_H 1
| #define HAVE_SYS_STAT_H 1
| #define HAVE_STDLIB_H 1
| #define HAVE_STRING_H 1
| #define HAVE_MEMORY_H 1
| #define HAVE_STRINGS_H 1
| #define HAVE_INTTYPES_H 1
| #define HAVE_STDINT_H 1
| #define HAVE_UNISTD_H 1
| #define HAVE_DLFCN_H 1
| /* end confdefs.h.  */
| #include <ac_nonexistent.h>
configure:5731: checking for g77
configure:5761: result: no
configure:5731: checking for xlf
configure:5761: result: no
configure:5731: checking for f77
configure:5747: found /usr/bin/f77
configure:5758: result: f77
configure:5784: checking for Fortran 77 compiler version
configure:5793: f77 --version >&5
/usr/bin/f77: Illegal option: --version
configure:5804: $? = 255
configure:5793: f77 -v >&5
/usr/bin/f77: fort77 Version 1.15
/usr/bin/f77: No input files specified
configure:5804: $? = 255
configure:5793: f77 -V >&5
/usr/bin/f77 : Missing argument to "-V"
configure:5804: $? = 255
configure:5793: f77 -qversion >&5
/usr/bin/f77: Illegal option: -qversion
configure:5804: $? = 255
configure:5813: checking whether we are using the GNU Fortran 77 compiler
configure:5826: f77 -c  conftest.F >&5
   MAIN main:
configure:5826: $? = 0
configure:5835: result: yes
configure:5841: checking whether f77 accepts -g
configure:5852: f77 -c -g conftest.f >&5
   MAIN main:
configure:5852: $? = 0
configure:5860: result: yes
configure:5894: checking the maximum length of command line arguments
configure:6003: result: 32768
configure:6014: checking command to parse /usr/bin/nm -B output from gcc object
configure:6119: gcc -c -g -O2  conftest.c >&5
configure:6122: $? = 0
configure:6126: /usr/bin/nm -B conftest.o \| sed -n -e 's/^.*[ 	]\([ABCDGIRSTW][ABCDGIRSTW]*\)[ 	][ 	]*\([_A-Za-z][_A-Za-z0-9]*\)$/\1 \2 \2/p' \> conftest.nm
configure:6129: $? = 0
configure:6181: gcc -o conftest -g -O2   conftest.c conftstm.o >&5
configure:6184: $? = 0
configure:6222: result: ok
configure:6226: checking for objdir
configure:6241: result: .libs
configure:6333: checking for ar
configure:6349: found /usr/bin/ar
configure:6360: result: ar
configure:6425: checking for ranlib
configure:6441: found /usr/bin/ranlib
configure:6452: result: ranlib
configure:6517: checking for strip
configure:6533: found /usr/bin/strip
configure:6544: result: strip
configure:6826: checking if gcc supports -fno-rtti -fno-exceptions
configure:6844: gcc -c -g -O2  -fno-rtti -fno-exceptions conftest.c >&5
cc1: warning: command line option '-fno-rtti' is valid for C++/ObjC++ but not for C [enabled by default]
configure:6848: $? = 0
configure:6861: result: no
configure:6876: checking for gcc option to produce PIC
configure:7086: result: -fPIC
configure:7094: checking if gcc PIC flag -fPIC works
configure:7112: gcc -c -g -O2  -fPIC -DPIC conftest.c >&5
configure:7116: $? = 0
configure:7129: result: yes
configure:7157: checking if gcc static flag -static works
configure:7185: result: yes
configure:7195: checking if gcc supports -c -o file.o
configure:7216: gcc -c -g -O2  -o out/conftest2.o conftest.c >&5
configure:7220: $? = 0
configure:7242: result: yes
configure:7268: checking whether the gcc linker (/usr/bin/ld -m elf_x86_64) supports shared libraries
configure:8168: result: yes
configure:8189: checking whether -lc should be explicitly linked in
configure:8194: gcc -c -g -O2  conftest.c >&5
configure:8197: $? = 0
configure:8212: gcc -shared conftest.o  -v -Wl,-soname -Wl,conftest -o conftest 2\>\&1 \| grep  -lc  \>/dev/null 2\>\&1
configure:8215: $? = 0
configure:8227: result: no
configure:8235: checking dynamic linker characteristics
configure:8628: gcc -c -g -O2  conftest.c >&5
configure:8631: $? = 0
configure:8844: result: GNU/Linux ld.so
configure:8853: checking how to hardcode library paths into programs
configure:8878: result: immediate
configure:8892: checking whether stripping libraries is possible
configure:8897: result: yes
configure:9413: checking if libtool supports shared libraries
configure:9415: result: yes
configure:9418: checking whether to build shared libraries
configure:9439: result: yes
configure:9442: checking whether to build static libraries
configure:9446: result: yes
configure:9538: creating libtool
configure:10125: checking for ld used by g++
configure:10192: result: /usr/bin/ld -m elf_x86_64
configure:10199: checking if the linker (/usr/bin/ld -m elf_x86_64) is GNU ld
configure:10214: result: yes
configure:10265: checking whether the g++ linker (/usr/bin/ld -m elf_x86_64) supports shared libraries
configure:11145: result: yes
configure:11163: g++ -c -g -O2  conftest.cpp >&5
configure:11166: $? = 0
configure:11285: checking for g++ option to produce PIC
configure:11559: result: -fPIC
configure:11567: checking if g++ PIC flag -fPIC works
configure:11585: g++ -c -g -O2  -fPIC -DPIC conftest.cpp >&5
configure:11589: $? = 0
configure:11602: result: yes
configure:11630: checking if g++ static flag -static works
configure:11658: result: yes
configure:11668: checking if g++ supports -c -o file.o
configure:11689: g++ -c -g -O2  -o out/conftest2.o conftest.cpp >&5
configure:11693: $? = 0
configure:11715: result: yes
configure:11741: checking whether the g++ linker (/usr/bin/ld -m elf_x86_64) supports shared libraries
configure:11766: result: yes
configure:11833: checking dynamic linker characteristics
configure:12226: g++ -c -g -O2  conftest.cpp >&5
configure:12229: $? = 0
configure:12442: result: GNU/Linux ld.so
configure:12451: checking how to hardcode library paths into programs
configure:12476: result: immediate
configure:13005: checking if libtool supports shared libraries
configure:13007: result: yes
configure:13010: checking whether to build shared libraries
configure:13030: result: yes
configure:13033: checking whether to build static libraries
configure:13037: result: yes
configure:13047: checking for f77 option to produce PIC
configure:13257: result: -fPIC
configure:13265: checking if f77 PIC flag -fPIC works
configure:13283: f77 -c -g -O2 -fPIC conftest.f >&5
   t:
configure:13287: $? = 0
configure:13300: result: yes
configure:13328: checking if f77 static flag -static works
   MAIN t:
configure:13356: result: yes
configure:13366: checking if f77 supports -c -o file.o
configure:13387: f77 -c -g -O2 -o out/conftest2.o conftest.f >&5
   t:
configure:13391: $? = 0
configure:13413: result: yes
configure:13439: checking whether the f77 linker (/usr/bin/ld -m elf_x86_64) supports shared libraries
configure:14327: result: yes
configure:14394: checking dynamic linker characteristics
configure:14787: f77 -c -g -O2 conftest.f >&5
configure:14790: $? = 0
configure:15003: result: GNU/Linux ld.so
configure:15012: checking how to hardcode library paths into programs
configure:15037: result: immediate
configure:18581: checking for POSIX sh $() command substitution
configure:18585: result: yes
configure:18634: checking PKG_CONFIG_PATH
configure:18637: result: empty
configure:18646: checking for pkg-config
configure:18664: found /usr/bin/pkg-config
configure:18677: result: /usr/bin/pkg-config
configure:18696: checking for dynamic library extension
configure:18718: result: .so
configure:18826: checking pkg-config is at least version 0.9.0
configure:18829: result: yes
configure:18847: checking for libgphoto2 to use
configure:18863: result: autodetect
configure:18872: checking for LIBGPHOTO2
configure:18880: $PKG_CONFIG --exists --print-errors "libgphoto2 >= 2.2.1"
configure:18883: $? = 0
configure:18898: $PKG_CONFIG --exists --print-errors "libgphoto2 >= 2.2.1"
configure:18901: $? = 0
configure:18937: result: yes
configure:19133: checking libgphoto2 library flags
configure:19135: result: "-lgphoto2 -lgphoto2_port -lm -lexif  "
configure:19137: checking libgphoto2 cpp flags
configure:19139: result: "-I/usr/include/gphoto2 -I/usr/include/libexif  "
configure:19216: checking for wx-config
configure:19235: found /usr/bin/wx-config
configure:19248: result: /usr/bin/wx-config
configure:19263: checking for wxWidgets version >= 2.8.9
configure:19310: result: yes (version 2.8.12)
configure:19314: checking for wxWidgets static library
configure:19318: result: no
configure:19591: creating ./config.status

## ---------------------- ##
## Running config.status. ##
## ---------------------- ##

This file was extended by gTimelapse config.status 1.0, which was
generated by GNU Autoconf 2.65.  Invocation command line was

  CONFIG_FILES    = 
  CONFIG_HEADERS  = 
  CONFIG_LINKS    = 
  CONFIG_COMMANDS = 
  $ ./config.status 

on translocon

config.status:815: creating Makefile
config.status:815: creating src/Makefile
config.status:972: executing depfiles commands

## ---------------- ##
## Cache variables. ##
## ---------------- ##

ac_cv_build=x86_64-unknown-linux-gnu
ac_cv_c_compiler_gnu=yes
ac_cv_cxx_compiler_gnu=yes
ac_cv_env_CCC_set=
ac_cv_env_CCC_value=
ac_cv_env_CC_set=
ac_cv_env_CC_value=
ac_cv_env_CFLAGS_set=
ac_cv_env_CFLAGS_value=
ac_cv_env_CPPFLAGS_set=
ac_cv_env_CPPFLAGS_value=
ac_cv_env_CPP_set=
ac_cv_env_CPP_value=
ac_cv_env_CXXCPP_set=
ac_cv_env_CXXCPP_value=
ac_cv_env_CXXFLAGS_set=
ac_cv_env_CXXFLAGS_value=
ac_cv_env_CXX_set=
ac_cv_env_CXX_value=
ac_cv_env_F77_set=
ac_cv_env_F77_value=
ac_cv_env_FFLAGS_set=
ac_cv_env_FFLAGS_value=
ac_cv_env_LDFLAGS_set=
ac_cv_env_LDFLAGS_value=
ac_cv_env_LIBGPHOTO2_CFLAGS_set=
ac_cv_env_LIBGPHOTO2_CFLAGS_value=
ac_cv_env_LIBGPHOTO2_LIBS_set=
ac_cv_env_LIBGPHOTO2_LIBS_value=
ac_cv_env_LIBS_set=
ac_cv_env_LIBS_value=
ac_cv_env_PKG_CONFIG_PATH_set=
ac_cv_env_PKG_CONFIG_PATH_value=
ac_cv_env_PKG_CONFIG_set=
ac_cv_env_PKG_CONFIG_value=
ac_cv_env_build_alias_set=
ac_cv_env_build_alias_value=
ac_cv_env_host_alias_set=
ac_cv_env_host_alias_value=
ac_cv_env_target_alias_set=
ac_cv_env_target_alias_value=
ac_cv_f77_compiler_gnu=yes
ac_cv_header_dlfcn_h=yes
ac_cv_header_inttypes_h=yes
ac_cv_header_memory_h=yes
ac_cv_header_stdc=yes
ac_cv_header_stdint_h=yes
ac_cv_header_stdlib_h=yes
ac_cv_header_string_h=yes
ac_cv_header_strings_h=yes
ac_cv_header_sys_stat_h=yes
ac_cv_header_sys_types_h=yes
ac_cv_header_unistd_h=yes
ac_cv_host=x86_64-unknown-linux-gnu
ac_cv_objext=o
ac_cv_path_EGREP='/bin/grep -E'
ac_cv_path_GREP=/bin/grep
ac_cv_path_PKG_CONFIG=/usr/bin/pkg-config
ac_cv_path_WX_CONFIG_PATH=/usr/bin/wx-config
ac_cv_path_install='/usr/bin/install -c'
ac_cv_prog_AWK=mawk
ac_cv_prog_CPP='gcc -E'
ac_cv_prog_CXXCPP='g++ -E'
ac_cv_prog_ac_ct_AR=ar
ac_cv_prog_ac_ct_CC=gcc
ac_cv_prog_ac_ct_CXX=g++
ac_cv_prog_ac_ct_F77=f77
ac_cv_prog_ac_ct_RANLIB=ranlib
ac_cv_prog_ac_ct_STRIP=strip
ac_cv_prog_cc_c89=
ac_cv_prog_cc_g=yes
ac_cv_prog_cxx_g=yes
ac_cv_prog_f77_g=yes
ac_cv_prog_make_make_set=yes
am_cv_CC_dependencies_compiler_type=gcc3
am_cv_CXX_dependencies_compiler_type=gcc3
lt_cv_deplibs_check_method=pass_all
lt_cv_file_magic_cmd='$MAGIC_CMD'
lt_cv_file_magic_test_file=
lt_cv_ld_reload_flag=-r
lt_cv_objdir=.libs
lt_cv_path_LD=/usr/bin/ld
lt_cv_path_LDCXX='/usr/bin/ld -m elf_x86_64'
lt_cv_path_NM='/usr/bin/nm -B'
lt_cv_path_SED=/bin/sed
lt_cv_prog_compiler_c_o=yes
lt_cv_prog_compiler_c_o_CXX=yes
lt_cv_prog_compiler_c_o_F77=yes
lt_cv_prog_compiler_rtti_exceptions=no
lt_cv_prog_gnu_ld=yes
lt_cv_prog_gnu_ldcxx=yes
lt_cv_sys_global_symbol_pipe='sed -n -e '\''s/^.*[ 	]\([ABCDGIRSTW][ABCDGIRSTW]*\)[ 	][ 	]*\([_A-Za-z][_A-Za-z0-9]*\)$/\1 \2 \2/p'\'''
lt_cv_sys_global_symbol_to_c_name_address='sed -n -e '\''s/^: \([^ ]*\) $/  {\"\1\", (lt_ptr) 0},/p'\'' -e '\''s/^[BCDEGRST] \([^ ]*\) \([^ ]*\)$/  {"\2", (lt_ptr) \&\2},/p'\'''
lt_cv_sys_global_symbol_to_cdecl='sed -n -e '\''s/^. .* \(.*\)$/extern int \1;/p'\'''
lt_cv_sys_max_cmd_len=32768
lt_lt_cv_prog_compiler_c_o='"yes"'
lt_lt_cv_prog_compiler_c_o_CXX='"yes"'
lt_lt_cv_prog_compiler_c_o_F77='"yes"'
lt_lt_cv_sys_global_symbol_pipe='"sed -n -e '\''s/^.*[ 	]\\([ABCDGIRSTW][ABCDGIRSTW]*\\)[ 	][ 	]*\\([_A-Za-z][_A-Za-z0-9]*\\)\$/\\1 \\2 \\2/p'\''"'
lt_lt_cv_sys_global_symbol_to_c_name_address='"sed -n -e '\''s/^: \\([^ ]*\\) \$/  {\\\"\\1\\\", (lt_ptr) 0},/p'\'' -e '\''s/^[BCDEGRST] \\([^ ]*\\) \\([^ ]*\\)\$/  {\"\\2\", (lt_ptr) \\&\\2},/p'\''"'
lt_lt_cv_sys_global_symbol_to_cdecl='"sed -n -e '\''s/^. .* \\(.*\\)\$/extern int \\1;/p'\''"'
pkg_cv_LIBGPHOTO2_CFLAGS='-I/usr/include/gphoto2 -I/usr/include/libexif  '
pkg_cv_LIBGPHOTO2_LIBS='-lgphoto2 -lgphoto2_port -lm -lexif  '

## ----------------- ##
## Output variables. ##
## ----------------- ##

ACLOCAL='${SHELL} /home/tnugent/Src/gtimelapse/config/missing --run aclocal-1.9'
AMDEPBACKSLASH='\'
AMDEP_FALSE='#'
AMDEP_TRUE=''
AMTAR='${SHELL} /home/tnugent/Src/gtimelapse/config/missing --run tar'
AR='ar'
AUTOCONF='${SHELL} /home/tnugent/Src/gtimelapse/config/missing --run autoconf'
AUTOHEADER='${SHELL} /home/tnugent/Src/gtimelapse/config/missing --run autoheader'
AUTOMAKE='${SHELL} /home/tnugent/Src/gtimelapse/config/missing --run automake-1.9'
AWK='mawk'
CC='gcc'
CCDEPMODE='depmode=gcc3'
CFLAGS='-g -O2 -pthread'
CPP='gcc -E'
CPPFLAGS=' -I/usr/lib/x86_64-linux-gnu/wx/include/gtk2-unicode-release-2.8 -I/usr/include/wx-2.8 -D_FILE_OFFSET_BITS=64 -D_LARGE_FILES -D__WXGTK__'
CXX='g++'
CXXCPP='g++ -E'
CXXDEPMODE='depmode=gcc3'
CXXFLAGS='-g -O2 '
CYGPATH_W='echo'
DEFS='-DPACKAGE_NAME=\"gTimelapse\" -DPACKAGE_TARNAME=\"gtimelapse\" -DPACKAGE_VERSION=\"1.0\" -DPACKAGE_STRING=\"gTimelapse\ 1.0\" -DPACKAGE_BUGREPORT=\"timnugent@gmail.com\" -DPACKAGE_URL=\"\" -DPACKAGE=\"gtimelapse\" -DVERSION=\"1.0\" -DSTDC_HEADERS=1 -DHAVE_SYS_TYPES_H=1 -DHAVE_SYS_STAT_H=1 -DHAVE_STDLIB_H=1 -DHAVE_STRING_H=1 -DHAVE_MEMORY_H=1 -DHAVE_STRINGS_H=1 -DHAVE_INTTYPES_H=1 -DHAVE_STDINT_H=1 -DHAVE_UNISTD_H=1 -DHAVE_DLFCN_H=1 -DHAVE_LIBGPHOTO2=1'
DEPDIR='.deps'
ECHO='echo'
ECHO_C=''
ECHO_N='-n'
ECHO_T=''
EGREP='/bin/grep -E'
EXEEXT=''
F77='f77'
FFLAGS='-g -O2'
GREP='/bin/grep'
HAVE_LIBGPHOTO2_FALSE='#'
HAVE_LIBGPHOTO2_TRUE=''
INSTALL_DATA='${INSTALL} -m 644'
INSTALL_PROGRAM='${INSTALL}'
INSTALL_SCRIPT='${INSTALL}'
INSTALL_STRIP_PROGRAM='${SHELL} $(install_sh) -c -s'
LDFLAGS=''
LIBGPHOTO2_CFLAGS='-I/usr/include/gphoto2 -I/usr/include/libexif  '
LIBGPHOTO2_CONFIG_PROG=''
LIBGPHOTO2_LIBS='-lgphoto2 -lgphoto2_port -lm -lexif  '
LIBOBJS=''
LIBS=' -L/usr/lib/x86_64-linux-gnu -pthread   -L/usr/lib/x86_64-linux-gnu   -lwx_gtk2u_richtext-2.8 -lwx_gtk2u_aui-2.8 -lwx_gtk2u_xrc-2.8 -lwx_gtk2u_qa-2.8 -lwx_gtk2u_html-2.8 -lwx_gtk2u_adv-2.8 -lwx_gtk2u_core-2.8 -lwx_baseu_xml-2.8 -lwx_baseu_net-2.8 -lwx_baseu-2.8 '
LIBTOOL='$(SHELL) $(top_builddir)/libtool'
LN_S='ln -s'
LTLIBOBJS=''
MAKEINFO='${SHELL} /home/tnugent/Src/gtimelapse/config/missing --run makeinfo'
OBJEXT='o'
PACKAGE='gtimelapse'
PACKAGE_BUGREPORT='timnugent@gmail.com'
PACKAGE_NAME='gTimelapse'
PACKAGE_STRING='gTimelapse 1.0'
PACKAGE_TARNAME='gtimelapse'
PACKAGE_URL=''
PACKAGE_VERSION='1.0'
PATH_SEPARATOR=':'
PKG_CONFIG='/usr/bin/pkg-config'
PKG_CONFIG_PATH=''
RANLIB='ranlib'
REQUIREMENTS_FOR_LIBGPHOTO2='libgphoto2 >= 2.2.1'
SED='/bin/sed'
SET_MAKE=''
SHELL='/bin/sh'
STRIP='strip'
VERSION='1.0'
WX_CFLAGS='-I/usr/lib/x86_64-linux-gnu/wx/include/gtk2-unicode-release-2.8 -I/usr/include/wx-2.8 -D_FILE_OFFSET_BITS=64 -D_LARGE_FILES -D__WXGTK__ -pthread'
WX_CFLAGS_ONLY='-pthread'
WX_CONFIG_PATH='/usr/bin/wx-config'
WX_CPPFLAGS='-I/usr/lib/x86_64-linux-gnu/wx/include/gtk2-unicode-release-2.8 -I/usr/include/wx-2.8 -D_FILE_OFFSET_BITS=64 -D_LARGE_FILES -D__WXGTK__'
WX_CXXFLAGS='-I/usr/lib/x86_64-linux-gnu/wx/include/gtk2-unicode-release-2.8 -I/usr/include/wx-2.8 -D_FILE_OFFSET_BITS=64 -D_LARGE_FILES -D__WXGTK__ -pthread'
WX_CXXFLAGS_ONLY=''
WX_LIBS='-L/usr/lib/x86_64-linux-gnu -pthread   -L/usr/lib/x86_64-linux-gnu   -lwx_gtk2u_richtext-2.8 -lwx_gtk2u_aui-2.8 -lwx_gtk2u_xrc-2.8 -lwx_gtk2u_qa-2.8 -lwx_gtk2u_html-2.8 -lwx_gtk2u_adv-2.8 -lwx_gtk2u_core-2.8 -lwx_baseu_xml-2.8 -lwx_baseu_net-2.8 -lwx_baseu-2.8 '
WX_LIBS_STATIC=''
WX_RESCOMP=''
WX_VERSION='2.8.12'
ac_ct_CC='gcc'
ac_ct_CXX='g++'
ac_ct_F77='f77'
am__fastdepCC_FALSE='#'
am__fastdepCC_TRUE=''
am__fastdepCXX_FALSE='#'
am__fastdepCXX_TRUE=''
am__include='include'
am__leading_dot='.'
am__quote=''
am__tar='${AMTAR} chof - "$$tardir"'
am__untar='${AMTAR} xf -'
bindir='${exec_prefix}/bin'
build='x86_64-unknown-linux-gnu'
build_alias=''
build_cpu='x86_64'
build_os='linux-gnu'
build_vendor='unknown'
datadir='${datarootdir}'
datarootdir='${prefix}/share'
docdir='${datarootdir}/doc/${PACKAGE_TARNAME}'
dvidir='${docdir}'
exec_prefix='${prefix}'
host='x86_64-unknown-linux-gnu'
host_alias=''
host_cpu='x86_64'
host_os='linux-gnu'
host_vendor='unknown'
htmldir='${docdir}'
includedir='${prefix}/include'
infodir='${datarootdir}/info'
install_sh='/home/tnugent/Src/gtimelapse/config/install-sh'
libdir='${exec_prefix}/lib'
libexecdir='${exec_prefix}/libexec'
localedir='${datarootdir}/locale'
localstatedir='${prefix}/var'
mandir='${datarootdir}/man'
mkdir_p='mkdir -p --'
oldincludedir='/usr/include'
pdfdir='${docdir}'
prefix='/usr/local'
program_transform_name='s,x,x,'
psdir='${docdir}'
sbindir='${exec_prefix}/sbin'
sharedstatedir='${prefix}/com'
sysconfdir='${prefix}/etc'
target_alias=''

## ----------- ##
## confdefs.h. ##
## ----------- ##

/* confdefs.h */
#define PACKAGE_NAME "gTimelapse"
#define PACKAGE_TARNAME "gtimelapse"
#define PACKAGE_VERSION "1.0"
#define PACKAGE_STRING "gTimelapse 1.0"
#define PACKAGE_BUGREPORT "timnugent@gmail.com"
#define PACKAGE_URL ""
#define PACKAGE "gtimelapse"
#define VERSION "1.0"
#define STDC_HEADERS 1
#define HAVE_SYS_TYPES_H 1
#define HAVE_SYS_STAT_H 1
#define HAVE_STDLIB_H 1
#define HAVE_STRING_H 1
#define HAVE_MEMORY_H 1
#define HAVE_STRINGS_H 1
#define HAVE_INTTYPES_H 1
#define HAVE_STDINT_H 1
#define HAVE_UNISTD_H 1
#define HAVE_DLFCN_H 1
#define HAVE_LIBGPHOTO2 1

configure: exit 0
